2021-06-15 11:53:45,716 [Worker-1: Loading available Gradle versions] INFO  o.e.b.c.i.u.g.PublishedGradleVersions - Gradle version information cache is up-to-date. Trying to read.
2021-06-15 11:55:05,135 [Worker-8: Import Getting Started Content] INFO  o.e.m.c.i.l.LifecycleMappingFactory - Using org.maven.ide.eclipse.wtp.WarLifecycleMapping lifecycle mapping for MavenProject: com.any.GettingFamiliar:GettingFamiliar:0.0.1-SNAPSHOT @ C:\Users\laith\Desktop\SpringPlatForm\GettingFamiliar\GettingFamiliar\pom.xml.
2021-06-15 11:55:06,220 [Worker-8: Import Getting Started Content] INFO  o.e.m.j.i.AbstractJavaProjectConfigurator - Adding source folder /GettingFamiliar/src/main/java
2021-06-15 11:55:06,227 [Worker-8: Import Getting Started Content] INFO  o.e.m.j.i.AbstractJavaProjectConfigurator - Adding resource folder /GettingFamiliar/src/main/resources
2021-06-15 11:55:06,242 [Worker-8: Import Getting Started Content] INFO  o.e.m.j.i.AbstractJavaProjectConfigurator - Adding resource folder /GettingFamiliar/src/main/resources
2021-06-15 11:55:06,284 [Worker-8: Import Getting Started Content] INFO  o.e.m.j.i.AbstractJavaProjectConfigurator - Adding source folder /GettingFamiliar/src/test/java
2021-06-15 11:55:08,998 [Worker-8: Import Getting Started Content] INFO  o.e.m.c.i.p.ProjectConfigurationManager - Imported and configured 1 project(s) in 5 sec
2021-06-15 11:55:09,008 [Worker-8: Import Getting Started Content] INFO  o.e.m.c.i.p.ProjectConfigurationManager - Update started
2021-06-15 11:55:09,749 [Worker-8: Import Getting Started Content] INFO  o.e.m.c.i.l.LifecycleMappingFactory - Using org.maven.ide.eclipse.wtp.WarLifecycleMapping lifecycle mapping for MavenProject: com.any.GettingFamiliar:GettingFamiliar:0.0.1-SNAPSHOT @ C:\Users\laith\Desktop\SpringPlatForm\GettingFamiliar\GettingFamiliar\pom.xml.
2021-06-15 11:55:10,578 [Worker-8: Import Getting Started Content] INFO  o.e.m.j.i.AbstractJavaProjectConfigurator - Adding source folder /GettingFamiliar/src/main/java
2021-06-15 11:55:10,587 [Worker-8: Import Getting Started Content] INFO  o.e.m.j.i.AbstractJavaProjectConfigurator - Adding resource folder /GettingFamiliar/src/main/resources
2021-06-15 11:55:10,587 [Worker-8: Import Getting Started Content] INFO  o.e.m.j.i.AbstractJavaProjectConfigurator - Adding resource folder /GettingFamiliar/src/main/resources
2021-06-15 11:55:10,596 [Worker-8: Import Getting Started Content] INFO  o.e.m.j.i.AbstractJavaProjectConfigurator - Adding source folder /GettingFamiliar/src/test/java
2021-06-15 11:55:11,207 [Worker-8: Import Getting Started Content] INFO  o.e.m.w.i.f.ResourceFilteringBuildParticipant - Cleaning filtered folder for GettingFamiliar
2021-06-15 11:55:11,210 [Worker-8: Import Getting Started Content] INFO  o.e.m.c.i.p.ProjectConfigurationManager - Update completed: 2 sec
2021-06-15 11:55:12,245 [Worker-4: Building] INFO  o.e.m.c.i.embedder.EclipseLogger - Using 'UTF-8' encoding to copy filtered resources.
2021-06-15 11:55:12,253 [Worker-4: Building] INFO  o.e.m.c.i.embedder.EclipseLogger - Using 'UTF-8' encoding to copy filtered properties files.
2021-06-15 11:55:12,256 [Worker-4: Building] INFO  o.e.m.c.i.embedder.EclipseLogger - Copying 1 resource
2021-06-15 11:55:12,270 [Worker-4: Building] INFO  o.e.m.c.i.embedder.EclipseLogger - Copying 0 resource
2021-06-15 11:55:12,273 [Worker-4: Building] INFO  o.e.m.c.i.embedder.EclipseLogger - Using 'UTF-8' encoding to copy filtered resources.
2021-06-15 11:55:12,284 [Worker-4: Building] INFO  o.e.m.c.i.embedder.EclipseLogger - Using 'UTF-8' encoding to copy filtered properties files.
2021-06-15 11:55:12,284 [Worker-4: Building] INFO  o.e.m.c.i.embedder.EclipseLogger - skip non existing resourceDirectory C:\Users\laith\Desktop\SpringPlatForm\GettingFamiliar\GettingFamiliar\src\test\resources
2021-06-15 11:55:12,285 [Worker-4: Building] INFO  o.e.m.w.i.f.ResourceFilteringBuildParticipant - Changed resources require a complete clean of filtered resources of GettingFamiliar
2021-06-15 11:55:12,285 [Worker-4: Building] INFO  o.e.m.w.i.f.ResourceFilteringBuildParticipant - Executing resource filtering for GettingFamiliar
2021-06-15 11:55:12,306 [Worker-4: Building] INFO  o.e.m.c.i.embedder.EclipseLogger - Using 'UTF-8' encoding to copy filtered resources.
2021-06-15 11:55:12,306 [Worker-4: Building] INFO  o.e.m.c.i.embedder.EclipseLogger - Using 'UTF-8' encoding to copy filtered properties files.
2021-06-15 11:56:08,962 [Worker-5: Building] INFO  o.e.m.c.i.embedder.EclipseLogger - Using 'UTF-8' encoding to copy filtered resources.
2021-06-15 11:56:09,050 [Worker-5: Building] INFO  o.e.m.c.i.embedder.EclipseLogger - Using 'UTF-8' encoding to copy filtered properties files.
2021-06-15 11:56:09,064 [Worker-5: Building] INFO  o.e.m.c.i.embedder.EclipseLogger - Copying 1 resource
2021-06-15 11:56:09,086 [Worker-5: Building] INFO  o.e.m.c.i.embedder.EclipseLogger - Copying 0 resource
2021-06-15 11:56:09,089 [Worker-5: Building] INFO  o.e.m.c.i.embedder.EclipseLogger - Using 'UTF-8' encoding to copy filtered resources.
2021-06-15 11:56:09,089 [Worker-5: Building] INFO  o.e.m.c.i.embedder.EclipseLogger - Using 'UTF-8' encoding to copy filtered properties files.
2021-06-15 11:56:09,097 [Worker-5: Building] INFO  o.e.m.c.i.embedder.EclipseLogger - skip non existing resourceDirectory C:\Users\laith\Desktop\SpringPlatForm\GettingFamiliar\GettingFamiliar\src\test\resources
2021-06-15 11:56:10,190 [Worker-10: Building] INFO  o.e.m.c.i.embedder.EclipseLogger - Using 'UTF-8' encoding to copy filtered resources.
2021-06-15 11:56:10,238 [Worker-10: Building] INFO  o.e.m.c.i.embedder.EclipseLogger - Using 'UTF-8' encoding to copy filtered properties files.
2021-06-15 11:56:10,238 [Worker-10: Building] INFO  o.e.m.c.i.embedder.EclipseLogger - Copying 0 resource
2021-06-15 11:56:10,285 [Worker-10: Building] INFO  o.e.m.c.i.embedder.EclipseLogger - Copying 0 resource
2021-06-15 11:56:10,288 [Worker-10: Building] INFO  o.e.m.c.i.embedder.EclipseLogger - Using 'UTF-8' encoding to copy filtered resources.
2021-06-15 11:56:10,288 [Worker-10: Building] INFO  o.e.m.c.i.embedder.EclipseLogger - Using 'UTF-8' encoding to copy filtered properties files.
2021-06-15 11:56:10,288 [Worker-10: Building] INFO  o.e.m.c.i.embedder.EclipseLogger - skip non existing resourceDirectory C:\Users\laith\Desktop\SpringPlatForm\GettingFamiliar\GettingFamiliar\src\test\resources
2021-06-15 13:09:34,759 [Worker-14: Building] INFO  o.e.m.c.i.embedder.EclipseLogger - Using 'UTF-8' encoding to copy filtered resources.
2021-06-15 13:09:34,767 [Worker-14: Building] INFO  o.e.m.c.i.embedder.EclipseLogger - Using 'UTF-8' encoding to copy filtered properties files.
2021-06-15 13:09:34,768 [Worker-14: Building] INFO  o.e.m.c.i.embedder.EclipseLogger - Copying 1 resource
2021-06-15 13:09:34,777 [Worker-14: Building] INFO  o.e.m.c.i.embedder.EclipseLogger - Copying 0 resource
2021-06-15 13:09:34,787 [Worker-14: Building] INFO  o.e.m.c.i.embedder.EclipseLogger - Using 'UTF-8' encoding to copy filtered resources.
2021-06-15 13:09:34,788 [Worker-14: Building] INFO  o.e.m.c.i.embedder.EclipseLogger - Using 'UTF-8' encoding to copy filtered properties files.
2021-06-15 13:09:34,788 [Worker-14: Building] INFO  o.e.m.c.i.embedder.EclipseLogger - skip non existing resourceDirectory C:\Users\laith\Desktop\SpringPlatForm\GettingFamiliar\GettingFamiliar\src\test\resources
2021-06-15 13:12:03,083 [Worker-17: Building] INFO  o.e.m.c.i.embedder.EclipseLogger - Using 'UTF-8' encoding to copy filtered resources.
2021-06-15 13:12:03,092 [Worker-17: Building] INFO  o.e.m.c.i.embedder.EclipseLogger - Using 'UTF-8' encoding to copy filtered properties files.
2021-06-15 13:12:03,093 [Worker-17: Building] INFO  o.e.m.c.i.embedder.EclipseLogger - Copying 1 resource
2021-06-15 13:12:03,102 [Worker-17: Building] INFO  o.e.m.c.i.embedder.EclipseLogger - Copying 0 resource
2021-06-15 13:12:03,104 [Worker-17: Building] INFO  o.e.m.c.i.embedder.EclipseLogger - Using 'UTF-8' encoding to copy filtered resources.
2021-06-15 13:12:03,104 [Worker-17: Building] INFO  o.e.m.c.i.embedder.EclipseLogger - Using 'UTF-8' encoding to copy filtered properties files.
2021-06-15 13:12:03,104 [Worker-17: Building] INFO  o.e.m.c.i.embedder.EclipseLogger - skip non existing resourceDirectory C:\Users\laith\Desktop\SpringPlatForm\GettingFamiliar\GettingFamiliar\src\test\resources
2021-06-15 13:12:22,869 [Worker-18: Launching GettingFamiliar - GettingFamiliarApplication] INFO  o.e.m.c.i.embedder.EclipseLogger - Using 'UTF-8' encoding to copy filtered resources.
2021-06-15 13:12:22,885 [Worker-18: Launching GettingFamiliar - GettingFamiliarApplication] INFO  o.e.m.c.i.embedder.EclipseLogger - Using 'UTF-8' encoding to copy filtered properties files.
2021-06-15 13:12:22,895 [Worker-18: Launching GettingFamiliar - GettingFamiliarApplication] INFO  o.e.m.c.i.embedder.EclipseLogger - Copying 1 resource
2021-06-15 13:12:22,926 [Worker-18: Launching GettingFamiliar - GettingFamiliarApplication] INFO  o.e.m.c.i.embedder.EclipseLogger - Copying 0 resource
2021-06-15 13:12:22,928 [Worker-18: Launching GettingFamiliar - GettingFamiliarApplication] INFO  o.e.m.c.i.embedder.EclipseLogger - Using 'UTF-8' encoding to copy filtered resources.
2021-06-15 13:12:22,928 [Worker-18: Launching GettingFamiliar - GettingFamiliarApplication] INFO  o.e.m.c.i.embedder.EclipseLogger - Using 'UTF-8' encoding to copy filtered properties files.
2021-06-15 13:12:22,936 [Worker-18: Launching GettingFamiliar - GettingFamiliarApplication] INFO  o.e.m.c.i.embedder.EclipseLogger - skip non existing resourceDirectory C:\Users\laith\Desktop\SpringPlatForm\GettingFamiliar\GettingFamiliar\src\test\resources
2021-06-15 13:13:52,525 [Worker-19: Building] INFO  o.e.m.c.i.embedder.EclipseLogger - Using 'UTF-8' encoding to copy filtered resources.
2021-06-15 13:13:52,534 [Worker-19: Building] INFO  o.e.m.c.i.embedder.EclipseLogger - Using 'UTF-8' encoding to copy filtered properties files.
2021-06-15 13:13:52,535 [Worker-19: Building] INFO  o.e.m.c.i.embedder.EclipseLogger - Copying 1 resource
2021-06-15 13:13:52,572 [Worker-19: Building] INFO  o.e.m.c.i.embedder.EclipseLogger - Copying 0 resource
2021-06-15 13:13:52,574 [Worker-19: Building] INFO  o.e.m.c.i.embedder.EclipseLogger - Using 'UTF-8' encoding to copy filtered resources.
2021-06-15 13:13:52,614 [Worker-19: Building] INFO  o.e.m.c.i.embedder.EclipseLogger - Using 'UTF-8' encoding to copy filtered properties files.
2021-06-15 13:13:52,614 [Worker-19: Building] INFO  o.e.m.c.i.embedder.EclipseLogger - skip non existing resourceDirectory C:\Users\laith\Desktop\SpringPlatForm\GettingFamiliar\GettingFamiliar\src\test\resources
2021-06-15 13:22:09,726 [Worker-21: Launching GettingFamiliar - GettingFamiliarApplication] INFO  o.e.m.c.i.embedder.EclipseLogger - Using 'UTF-8' encoding to copy filtered resources.
2021-06-15 13:22:09,736 [Worker-21: Launching GettingFamiliar - GettingFamiliarApplication] INFO  o.e.m.c.i.embedder.EclipseLogger - Using 'UTF-8' encoding to copy filtered properties files.
2021-06-15 13:22:09,747 [Worker-21: Launching GettingFamiliar - GettingFamiliarApplication] INFO  o.e.m.c.i.embedder.EclipseLogger - Copying 1 resource
2021-06-15 13:22:09,756 [Worker-21: Launching GettingFamiliar - GettingFamiliarApplication] INFO  o.e.m.c.i.embedder.EclipseLogger - Copying 0 resource
2021-06-15 13:22:09,765 [Worker-21: Launching GettingFamiliar - GettingFamiliarApplication] INFO  o.e.m.c.i.embedder.EclipseLogger - Using 'UTF-8' encoding to copy filtered resources.
2021-06-15 13:22:09,765 [Worker-21: Launching GettingFamiliar - GettingFamiliarApplication] INFO  o.e.m.c.i.embedder.EclipseLogger - Using 'UTF-8' encoding to copy filtered properties files.
2021-06-15 13:22:09,765 [Worker-21: Launching GettingFamiliar - GettingFamiliarApplication] INFO  o.e.m.c.i.embedder.EclipseLogger - skip non existing resourceDirectory C:\Users\laith\Desktop\SpringPlatForm\GettingFamiliar\GettingFamiliar\src\test\resources
2021-06-15 13:22:49,852 [Worker-1: Launching GettingFamiliar - GettingFamiliarApplication] INFO  o.e.m.c.i.embedder.EclipseLogger - Using 'UTF-8' encoding to copy filtered resources.
2021-06-15 13:22:49,863 [Worker-1: Launching GettingFamiliar - GettingFamiliarApplication] INFO  o.e.m.c.i.embedder.EclipseLogger - Using 'UTF-8' encoding to copy filtered properties files.
2021-06-15 13:22:49,864 [Worker-1: Launching GettingFamiliar - GettingFamiliarApplication] INFO  o.e.m.c.i.embedder.EclipseLogger - Copying 1 resource
2021-06-15 13:22:49,900 [Worker-1: Launching GettingFamiliar - GettingFamiliarApplication] INFO  o.e.m.c.i.embedder.EclipseLogger - Copying 0 resource
2021-06-15 13:22:49,903 [Worker-1: Launching GettingFamiliar - GettingFamiliarApplication] INFO  o.e.m.c.i.embedder.EclipseLogger - Using 'UTF-8' encoding to copy filtered resources.
2021-06-15 13:22:49,916 [Worker-1: Launching GettingFamiliar - GettingFamiliarApplication] INFO  o.e.m.c.i.embedder.EclipseLogger - Using 'UTF-8' encoding to copy filtered properties files.
2021-06-15 13:22:49,916 [Worker-1: Launching GettingFamiliar - GettingFamiliarApplication] INFO  o.e.m.c.i.embedder.EclipseLogger - skip non existing resourceDirectory C:\Users\laith\Desktop\SpringPlatForm\GettingFamiliar\GettingFamiliar\src\test\resources
2021-06-15 13:34:22,236 [Worker-26: Building] INFO  o.e.m.c.i.embedder.EclipseLogger - Using 'UTF-8' encoding to copy filtered resources.
2021-06-15 13:34:22,243 [Worker-26: Building] INFO  o.e.m.c.i.embedder.EclipseLogger - Using 'UTF-8' encoding to copy filtered properties files.
2021-06-15 13:34:22,250 [Worker-26: Building] INFO  o.e.m.c.i.embedder.EclipseLogger - Copying 1 resource
2021-06-15 13:34:22,258 [Worker-26: Building] INFO  o.e.m.c.i.embedder.EclipseLogger - Copying 0 resource
2021-06-15 13:34:22,260 [Worker-26: Building] INFO  o.e.m.c.i.embedder.EclipseLogger - Using 'UTF-8' encoding to copy filtered resources.
2021-06-15 13:34:22,260 [Worker-26: Building] INFO  o.e.m.c.i.embedder.EclipseLogger - Using 'UTF-8' encoding to copy filtered properties files.
2021-06-15 13:34:22,267 [Worker-26: Building] INFO  o.e.m.c.i.embedder.EclipseLogger - skip non existing resourceDirectory C:\Users\laith\Desktop\SpringPlatForm\GettingFamiliar\GettingFamiliar\src\test\resources
2021-06-15 13:36:01,898 [Worker-29: Launching GettingFamiliar - GettingFamiliarApplication] INFO  o.e.m.c.i.embedder.EclipseLogger - Using 'UTF-8' encoding to copy filtered resources.
2021-06-15 13:36:01,907 [Worker-29: Launching GettingFamiliar - GettingFamiliarApplication] INFO  o.e.m.c.i.embedder.EclipseLogger - Using 'UTF-8' encoding to copy filtered properties files.
2021-06-15 13:36:01,908 [Worker-29: Launching GettingFamiliar - GettingFamiliarApplication] INFO  o.e.m.c.i.embedder.EclipseLogger - Copying 1 resource
2021-06-15 13:36:01,943 [Worker-29: Launching GettingFamiliar - GettingFamiliarApplication] INFO  o.e.m.c.i.embedder.EclipseLogger - Copying 0 resource
2021-06-15 13:36:01,946 [Worker-29: Launching GettingFamiliar - GettingFamiliarApplication] INFO  o.e.m.c.i.embedder.EclipseLogger - Using 'UTF-8' encoding to copy filtered resources.
2021-06-15 13:36:01,946 [Worker-29: Launching GettingFamiliar - GettingFamiliarApplication] INFO  o.e.m.c.i.embedder.EclipseLogger - Using 'UTF-8' encoding to copy filtered properties files.
2021-06-15 13:36:01,946 [Worker-29: Launching GettingFamiliar - GettingFamiliarApplication] INFO  o.e.m.c.i.embedder.EclipseLogger - skip non existing resourceDirectory C:\Users\laith\Desktop\SpringPlatForm\GettingFamiliar\GettingFamiliar\src\test\resources
2021-06-15 13:36:53,503 [Worker-25: Building] INFO  o.e.m.c.i.embedder.EclipseLogger - Using 'UTF-8' encoding to copy filtered resources.
2021-06-15 13:36:53,509 [Worker-25: Building] INFO  o.e.m.c.i.embedder.EclipseLogger - Using 'UTF-8' encoding to copy filtered properties files.
2021-06-15 13:36:53,514 [Worker-25: Building] INFO  o.e.m.c.i.embedder.EclipseLogger - Copying 1 resource
2021-06-15 13:36:53,539 [Worker-25: Building] INFO  o.e.m.c.i.embedder.EclipseLogger - Copying 0 resource
2021-06-15 13:36:53,548 [Worker-25: Building] INFO  o.e.m.c.i.embedder.EclipseLogger - Using 'UTF-8' encoding to copy filtered resources.
2021-06-15 13:36:53,548 [Worker-25: Building] INFO  o.e.m.c.i.embedder.EclipseLogger - Using 'UTF-8' encoding to copy filtered properties files.
2021-06-15 13:36:53,549 [Worker-25: Building] INFO  o.e.m.c.i.embedder.EclipseLogger - skip non existing resourceDirectory C:\Users\laith\Desktop\SpringPlatForm\GettingFamiliar\GettingFamiliar\src\test\resources
2021-06-15 13:38:49,120 [Worker-26: Launching GettingFamiliar - GettingFamiliarApplication] INFO  o.e.m.c.i.embedder.EclipseLogger - Using 'UTF-8' encoding to copy filtered resources.
2021-06-15 13:38:49,129 [Worker-26: Launching GettingFamiliar - GettingFamiliarApplication] INFO  o.e.m.c.i.embedder.EclipseLogger - Using 'UTF-8' encoding to copy filtered properties files.
2021-06-15 13:38:49,130 [Worker-26: Launching GettingFamiliar - GettingFamiliarApplication] INFO  o.e.m.c.i.embedder.EclipseLogger - Copying 1 resource
2021-06-15 13:38:49,159 [Worker-26: Launching GettingFamiliar - GettingFamiliarApplication] INFO  o.e.m.c.i.embedder.EclipseLogger - Copying 0 resource
2021-06-15 13:38:49,162 [Worker-26: Launching GettingFamiliar - GettingFamiliarApplication] INFO  o.e.m.c.i.embedder.EclipseLogger - Using 'UTF-8' encoding to copy filtered resources.
2021-06-15 13:38:49,162 [Worker-26: Launching GettingFamiliar - GettingFamiliarApplication] INFO  o.e.m.c.i.embedder.EclipseLogger - Using 'UTF-8' encoding to copy filtered properties files.
2021-06-15 13:38:49,162 [Worker-26: Launching GettingFamiliar - GettingFamiliarApplication] INFO  o.e.m.c.i.embedder.EclipseLogger - skip non existing resourceDirectory C:\Users\laith\Desktop\SpringPlatForm\GettingFamiliar\GettingFamiliar\src\test\resources
2021-06-15 13:40:39,897 [Worker-26: Launching GettingFamiliar - GettingFamiliarApplication] INFO  o.e.m.c.i.embedder.EclipseLogger - Using 'UTF-8' encoding to copy filtered resources.
2021-06-15 13:40:39,904 [Worker-26: Launching GettingFamiliar - GettingFamiliarApplication] INFO  o.e.m.c.i.embedder.EclipseLogger - Using 'UTF-8' encoding to copy filtered properties files.
2021-06-15 13:40:39,912 [Worker-26: Launching GettingFamiliar - GettingFamiliarApplication] INFO  o.e.m.c.i.embedder.EclipseLogger - Copying 1 resource
2021-06-15 13:40:39,940 [Worker-26: Launching GettingFamiliar - GettingFamiliarApplication] INFO  o.e.m.c.i.embedder.EclipseLogger - Copying 0 resource
2021-06-15 13:40:39,943 [Worker-26: Launching GettingFamiliar - GettingFamiliarApplication] INFO  o.e.m.c.i.embedder.EclipseLogger - Using 'UTF-8' encoding to copy filtered resources.
2021-06-15 13:40:39,943 [Worker-26: Launching GettingFamiliar - GettingFamiliarApplication] INFO  o.e.m.c.i.embedder.EclipseLogger - Using 'UTF-8' encoding to copy filtered properties files.
2021-06-15 13:40:39,949 [Worker-26: Launching GettingFamiliar - GettingFamiliarApplication] INFO  o.e.m.c.i.embedder.EclipseLogger - skip non existing resourceDirectory C:\Users\laith\Desktop\SpringPlatForm\GettingFamiliar\GettingFamiliar\src\test\resources
2021-06-15 13:44:02,474 [Worker-35: Building] INFO  o.e.m.c.i.embedder.EclipseLogger - Using 'UTF-8' encoding to copy filtered resources.
2021-06-15 13:44:02,481 [Worker-35: Building] INFO  o.e.m.c.i.embedder.EclipseLogger - Using 'UTF-8' encoding to copy filtered properties files.
2021-06-15 13:44:02,482 [Worker-35: Building] INFO  o.e.m.c.i.embedder.EclipseLogger - Copying 1 resource
2021-06-15 13:44:02,517 [Worker-35: Building] INFO  o.e.m.c.i.embedder.EclipseLogger - Copying 0 resource
2021-06-15 13:44:02,520 [Worker-35: Building] INFO  o.e.m.c.i.embedder.EclipseLogger - Using 'UTF-8' encoding to copy filtered resources.
2021-06-15 13:44:02,520 [Worker-35: Building] INFO  o.e.m.c.i.embedder.EclipseLogger - Using 'UTF-8' encoding to copy filtered properties files.
2021-06-15 13:44:02,520 [Worker-35: Building] INFO  o.e.m.c.i.embedder.EclipseLogger - skip non existing resourceDirectory C:\Users\laith\Desktop\SpringPlatForm\GettingFamiliar\GettingFamiliar\src\test\resources
2021-06-15 13:49:47,213 [Worker-34: Building] INFO  o.e.m.c.i.embedder.EclipseLogger - Using 'UTF-8' encoding to copy filtered resources.
2021-06-15 13:49:47,224 [Worker-34: Building] INFO  o.e.m.c.i.embedder.EclipseLogger - Using 'UTF-8' encoding to copy filtered properties files.
2021-06-15 13:49:47,232 [Worker-34: Building] INFO  o.e.m.c.i.embedder.EclipseLogger - Copying 1 resource
2021-06-15 13:49:47,240 [Worker-34: Building] INFO  o.e.m.c.i.embedder.EclipseLogger - Copying 0 resource
2021-06-15 13:49:47,249 [Worker-34: Building] INFO  o.e.m.c.i.embedder.EclipseLogger - Using 'UTF-8' encoding to copy filtered resources.
2021-06-15 13:49:47,250 [Worker-34: Building] INFO  o.e.m.c.i.embedder.EclipseLogger - Using 'UTF-8' encoding to copy filtered properties files.
2021-06-15 13:49:47,250 [Worker-34: Building] INFO  o.e.m.c.i.embedder.EclipseLogger - skip non existing resourceDirectory C:\Users\laith\Desktop\SpringPlatForm\GettingFamiliar\GettingFamiliar\src\test\resources
2021-06-15 13:50:47,376 [Worker-35: Launching GettingFamiliar - GettingFamiliarApplication] INFO  o.e.m.c.i.embedder.EclipseLogger - Using 'UTF-8' encoding to copy filtered resources.
2021-06-15 13:50:47,386 [Worker-35: Launching GettingFamiliar - GettingFamiliarApplication] INFO  o.e.m.c.i.embedder.EclipseLogger - Using 'UTF-8' encoding to copy filtered properties files.
2021-06-15 13:50:47,387 [Worker-35: Launching GettingFamiliar - GettingFamiliarApplication] INFO  o.e.m.c.i.embedder.EclipseLogger - Copying 1 resource
2021-06-15 13:50:47,411 [Worker-35: Launching GettingFamiliar - GettingFamiliarApplication] INFO  o.e.m.c.i.embedder.EclipseLogger - Copying 0 resource
2021-06-15 13:50:47,414 [Worker-35: Launching GettingFamiliar - GettingFamiliarApplication] INFO  o.e.m.c.i.embedder.EclipseLogger - Using 'UTF-8' encoding to copy filtered resources.
2021-06-15 13:50:47,423 [Worker-35: Launching GettingFamiliar - GettingFamiliarApplication] INFO  o.e.m.c.i.embedder.EclipseLogger - Using 'UTF-8' encoding to copy filtered properties files.
2021-06-15 13:50:47,423 [Worker-35: Launching GettingFamiliar - GettingFamiliarApplication] INFO  o.e.m.c.i.embedder.EclipseLogger - skip non existing resourceDirectory C:\Users\laith\Desktop\SpringPlatForm\GettingFamiliar\GettingFamiliar\src\test\resources
2021-06-15 13:54:10,932 [Worker-31: Building] INFO  o.e.m.c.i.embedder.EclipseLogger - Using 'UTF-8' encoding to copy filtered resources.
2021-06-15 13:54:10,941 [Worker-31: Building] INFO  o.e.m.c.i.embedder.EclipseLogger - Using 'UTF-8' encoding to copy filtered properties files.
2021-06-15 13:54:10,949 [Worker-31: Building] INFO  o.e.m.c.i.embedder.EclipseLogger - Copying 1 resource
2021-06-15 13:54:10,971 [Worker-31: Building] INFO  o.e.m.c.i.embedder.EclipseLogger - Copying 0 resource
2021-06-15 13:54:10,976 [Worker-31: Building] INFO  o.e.m.c.i.embedder.EclipseLogger - Using 'UTF-8' encoding to copy filtered resources.
2021-06-15 13:54:10,979 [Worker-31: Building] INFO  o.e.m.c.i.embedder.EclipseLogger - Using 'UTF-8' encoding to copy filtered properties files.
2021-06-15 13:54:10,989 [Worker-31: Building] INFO  o.e.m.c.i.embedder.EclipseLogger - skip non existing resourceDirectory C:\Users\laith\Desktop\SpringPlatForm\GettingFamiliar\GettingFamiliar\src\test\resources
2021-06-15 13:56:56,554 [Worker-38: Building] INFO  o.e.m.c.i.embedder.EclipseLogger - Using 'UTF-8' encoding to copy filtered resources.
2021-06-15 13:56:56,560 [Worker-38: Building] INFO  o.e.m.c.i.embedder.EclipseLogger - Using 'UTF-8' encoding to copy filtered properties files.
2021-06-15 13:56:56,561 [Worker-38: Building] INFO  o.e.m.c.i.embedder.EclipseLogger - Copying 1 resource
2021-06-15 13:56:56,578 [Worker-38: Building] INFO  o.e.m.c.i.embedder.EclipseLogger - Copying 0 resource
2021-06-15 13:56:56,580 [Worker-38: Building] INFO  o.e.m.c.i.embedder.EclipseLogger - Using 'UTF-8' encoding to copy filtered resources.
2021-06-15 13:56:56,580 [Worker-38: Building] INFO  o.e.m.c.i.embedder.EclipseLogger - Using 'UTF-8' encoding to copy filtered properties files.
2021-06-15 13:56:56,580 [Worker-38: Building] INFO  o.e.m.c.i.embedder.EclipseLogger - skip non existing resourceDirectory C:\Users\laith\Desktop\SpringPlatForm\GettingFamiliar\GettingFamiliar\src\test\resources
2021-06-15 13:58:33,788 [Worker-36: Launching GettingFamiliar - GettingFamiliarApplication] INFO  o.e.m.c.i.embedder.EclipseLogger - Using 'UTF-8' encoding to copy filtered resources.
2021-06-15 13:58:33,796 [Worker-36: Launching GettingFamiliar - GettingFamiliarApplication] INFO  o.e.m.c.i.embedder.EclipseLogger - Using 'UTF-8' encoding to copy filtered properties files.
2021-06-15 13:58:33,806 [Worker-36: Launching GettingFamiliar - GettingFamiliarApplication] INFO  o.e.m.c.i.embedder.EclipseLogger - Copying 1 resource
2021-06-15 13:58:33,822 [Worker-36: Launching GettingFamiliar - GettingFamiliarApplication] INFO  o.e.m.c.i.embedder.EclipseLogger - Copying 0 resource
2021-06-15 13:58:33,835 [Worker-36: Launching GettingFamiliar - GettingFamiliarApplication] INFO  o.e.m.c.i.embedder.EclipseLogger - Using 'UTF-8' encoding to copy filtered resources.
2021-06-15 13:58:33,836 [Worker-36: Launching GettingFamiliar - GettingFamiliarApplication] INFO  o.e.m.c.i.embedder.EclipseLogger - Using 'UTF-8' encoding to copy filtered properties files.
2021-06-15 13:58:33,836 [Worker-36: Launching GettingFamiliar - GettingFamiliarApplication] INFO  o.e.m.c.i.embedder.EclipseLogger - skip non existing resourceDirectory C:\Users\laith\Desktop\SpringPlatForm\GettingFamiliar\GettingFamiliar\src\test\resources
2021-06-15 13:59:28,797 [Worker-38: Building] INFO  o.e.m.c.i.embedder.EclipseLogger - Using 'UTF-8' encoding to copy filtered resources.
2021-06-15 13:59:28,804 [Worker-38: Building] INFO  o.e.m.c.i.embedder.EclipseLogger - Using 'UTF-8' encoding to copy filtered properties files.
2021-06-15 13:59:28,804 [Worker-38: Building] INFO  o.e.m.c.i.embedder.EclipseLogger - Copying 1 resource
2021-06-15 13:59:28,819 [Worker-38: Building] INFO  o.e.m.c.i.embedder.EclipseLogger - Copying 0 resource
2021-06-15 13:59:28,821 [Worker-38: Building] INFO  o.e.m.c.i.embedder.EclipseLogger - Using 'UTF-8' encoding to copy filtered resources.
2021-06-15 13:59:28,821 [Worker-38: Building] INFO  o.e.m.c.i.embedder.EclipseLogger - Using 'UTF-8' encoding to copy filtered properties files.
2021-06-15 13:59:28,821 [Worker-38: Building] INFO  o.e.m.c.i.embedder.EclipseLogger - skip non existing resourceDirectory C:\Users\laith\Desktop\SpringPlatForm\GettingFamiliar\GettingFamiliar\src\test\resources
2021-06-15 14:00:12,834 [Worker-42: Launching GettingFamiliar - GettingFamiliarApplication] INFO  o.e.m.c.i.embedder.EclipseLogger - Using 'UTF-8' encoding to copy filtered resources.
2021-06-15 14:00:12,845 [Worker-42: Launching GettingFamiliar - GettingFamiliarApplication] INFO  o.e.m.c.i.embedder.EclipseLogger - Using 'UTF-8' encoding to copy filtered properties files.
2021-06-15 14:00:12,856 [Worker-42: Launching GettingFamiliar - GettingFamiliarApplication] INFO  o.e.m.c.i.embedder.EclipseLogger - Copying 1 resource
2021-06-15 14:00:12,873 [Worker-42: Launching GettingFamiliar - GettingFamiliarApplication] INFO  o.e.m.c.i.embedder.EclipseLogger - Copying 0 resource
2021-06-15 14:00:12,875 [Worker-42: Launching GettingFamiliar - GettingFamiliarApplication] INFO  o.e.m.c.i.embedder.EclipseLogger - Using 'UTF-8' encoding to copy filtered resources.
2021-06-15 14:00:12,875 [Worker-42: Launching GettingFamiliar - GettingFamiliarApplication] INFO  o.e.m.c.i.embedder.EclipseLogger - Using 'UTF-8' encoding to copy filtered properties files.
2021-06-15 14:00:12,888 [Worker-42: Launching GettingFamiliar - GettingFamiliarApplication] INFO  o.e.m.c.i.embedder.EclipseLogger - skip non existing resourceDirectory C:\Users\laith\Desktop\SpringPlatForm\GettingFamiliar\GettingFamiliar\src\test\resources
2021-06-15 14:00:28,862 [Worker-36: Launching GettingFamiliar - GettingFamiliarApplication] INFO  o.e.m.c.i.embedder.EclipseLogger - Using 'UTF-8' encoding to copy filtered resources.
2021-06-15 14:00:28,870 [Worker-36: Launching GettingFamiliar - GettingFamiliarApplication] INFO  o.e.m.c.i.embedder.EclipseLogger - Using 'UTF-8' encoding to copy filtered properties files.
2021-06-15 14:00:28,870 [Worker-36: Launching GettingFamiliar - GettingFamiliarApplication] INFO  o.e.m.c.i.embedder.EclipseLogger - Copying 1 resource
2021-06-15 14:00:28,893 [Worker-36: Launching GettingFamiliar - GettingFamiliarApplication] INFO  o.e.m.c.i.embedder.EclipseLogger - Copying 0 resource
2021-06-15 14:00:28,895 [Worker-36: Launching GettingFamiliar - GettingFamiliarApplication] INFO  o.e.m.c.i.embedder.EclipseLogger - Using 'UTF-8' encoding to copy filtered resources.
2021-06-15 14:00:28,896 [Worker-36: Launching GettingFamiliar - GettingFamiliarApplication] INFO  o.e.m.c.i.embedder.EclipseLogger - Using 'UTF-8' encoding to copy filtered properties files.
2021-06-15 14:00:28,896 [Worker-36: Launching GettingFamiliar - GettingFamiliarApplication] INFO  o.e.m.c.i.embedder.EclipseLogger - skip non existing resourceDirectory C:\Users\laith\Desktop\SpringPlatForm\GettingFamiliar\GettingFamiliar\src\test\resources
2021-06-15 14:01:08,098 [Worker-38: Building] INFO  o.e.m.c.i.embedder.EclipseLogger - Using 'UTF-8' encoding to copy filtered resources.
2021-06-15 14:01:08,105 [Worker-38: Building] INFO  o.e.m.c.i.embedder.EclipseLogger - Using 'UTF-8' encoding to copy filtered properties files.
2021-06-15 14:01:08,111 [Worker-38: Building] INFO  o.e.m.c.i.embedder.EclipseLogger - Copying 1 resource
2021-06-15 14:01:08,126 [Worker-38: Building] INFO  o.e.m.c.i.embedder.EclipseLogger - Copying 0 resource
2021-06-15 14:01:08,134 [Worker-38: Building] INFO  o.e.m.c.i.embedder.EclipseLogger - Using 'UTF-8' encoding to copy filtered resources.
2021-06-15 14:01:08,134 [Worker-38: Building] INFO  o.e.m.c.i.embedder.EclipseLogger - Using 'UTF-8' encoding to copy filtered properties files.
2021-06-15 14:01:08,134 [Worker-38: Building] INFO  o.e.m.c.i.embedder.EclipseLogger - skip non existing resourceDirectory C:\Users\laith\Desktop\SpringPlatForm\GettingFamiliar\GettingFamiliar\src\test\resources
2021-06-15 14:05:18,959 [Worker-45: Building] INFO  o.e.m.c.i.embedder.EclipseLogger - Using 'UTF-8' encoding to copy filtered resources.
2021-06-15 14:05:18,967 [Worker-45: Building] INFO  o.e.m.c.i.embedder.EclipseLogger - Using 'UTF-8' encoding to copy filtered properties files.
2021-06-15 14:05:18,969 [Worker-45: Building] INFO  o.e.m.c.i.embedder.EclipseLogger - Copying 1 resource
2021-06-15 14:05:19,000 [Worker-45: Building] INFO  o.e.m.c.i.embedder.EclipseLogger - Copying 0 resource
2021-06-15 14:05:19,004 [Worker-45: Building] INFO  o.e.m.c.i.embedder.EclipseLogger - Using 'UTF-8' encoding to copy filtered resources.
2021-06-15 14:05:19,011 [Worker-45: Building] INFO  o.e.m.c.i.embedder.EclipseLogger - Using 'UTF-8' encoding to copy filtered properties files.
2021-06-15 14:05:19,012 [Worker-45: Building] INFO  o.e.m.c.i.embedder.EclipseLogger - skip non existing resourceDirectory C:\Users\laith\Desktop\SpringPlatForm\GettingFamiliar\GettingFamiliar\src\test\resources
2021-06-15 14:08:00,162 [Worker-49: Building] INFO  o.e.m.c.i.embedder.EclipseLogger - Using 'UTF-8' encoding to copy filtered resources.
2021-06-15 14:08:00,168 [Worker-49: Building] INFO  o.e.m.c.i.embedder.EclipseLogger - Using 'UTF-8' encoding to copy filtered properties files.
2021-06-15 14:08:00,174 [Worker-49: Building] INFO  o.e.m.c.i.embedder.EclipseLogger - Copying 1 resource
2021-06-15 14:08:00,197 [Worker-49: Building] INFO  o.e.m.c.i.embedder.EclipseLogger - Copying 0 resource
2021-06-15 14:08:00,199 [Worker-49: Building] INFO  o.e.m.c.i.embedder.EclipseLogger - Using 'UTF-8' encoding to copy filtered resources.
2021-06-15 14:08:00,199 [Worker-49: Building] INFO  o.e.m.c.i.embedder.EclipseLogger - Using 'UTF-8' encoding to copy filtered properties files.
2021-06-15 14:08:00,205 [Worker-49: Building] INFO  o.e.m.c.i.embedder.EclipseLogger - skip non existing resourceDirectory C:\Users\laith\Desktop\SpringPlatForm\GettingFamiliar\GettingFamiliar\src\test\resources
2021-06-15 14:13:44,992 [Worker-54: Launching GettingFamiliar - GettingFamiliarApplication] INFO  o.e.m.c.i.embedder.EclipseLogger - Using 'UTF-8' encoding to copy filtered resources.
2021-06-15 14:13:45,003 [Worker-54: Launching GettingFamiliar - GettingFamiliarApplication] INFO  o.e.m.c.i.embedder.EclipseLogger - Using 'UTF-8' encoding to copy filtered properties files.
2021-06-15 14:13:45,004 [Worker-54: Launching GettingFamiliar - GettingFamiliarApplication] INFO  o.e.m.c.i.embedder.EclipseLogger - Copying 1 resource
2021-06-15 14:13:45,029 [Worker-54: Launching GettingFamiliar - GettingFamiliarApplication] INFO  o.e.m.c.i.embedder.EclipseLogger - Copying 0 resource
2021-06-15 14:13:45,032 [Worker-54: Launching GettingFamiliar - GettingFamiliarApplication] INFO  o.e.m.c.i.embedder.EclipseLogger - Using 'UTF-8' encoding to copy filtered resources.
2021-06-15 14:13:45,032 [Worker-54: Launching GettingFamiliar - GettingFamiliarApplication] INFO  o.e.m.c.i.embedder.EclipseLogger - Using 'UTF-8' encoding to copy filtered properties files.
2021-06-15 14:13:45,032 [Worker-54: Launching GettingFamiliar - GettingFamiliarApplication] INFO  o.e.m.c.i.embedder.EclipseLogger - skip non existing resourceDirectory C:\Users\laith\Desktop\SpringPlatForm\GettingFamiliar\GettingFamiliar\src\test\resources
2021-06-15 14:14:33,723 [Worker-46: Building] INFO  o.e.m.c.i.embedder.EclipseLogger - Using 'UTF-8' encoding to copy filtered resources.
2021-06-15 14:14:33,730 [Worker-46: Building] INFO  o.e.m.c.i.embedder.EclipseLogger - Using 'UTF-8' encoding to copy filtered properties files.
2021-06-15 14:14:33,736 [Worker-46: Building] INFO  o.e.m.c.i.embedder.EclipseLogger - Copying 1 resource
2021-06-15 14:14:33,750 [Worker-46: Building] INFO  o.e.m.c.i.embedder.EclipseLogger - Copying 0 resource
2021-06-15 14:14:33,758 [Worker-46: Building] INFO  o.e.m.c.i.embedder.EclipseLogger - Using 'UTF-8' encoding to copy filtered resources.
2021-06-15 14:14:33,758 [Worker-46: Building] INFO  o.e.m.c.i.embedder.EclipseLogger - Using 'UTF-8' encoding to copy filtered properties files.
2021-06-15 14:14:33,758 [Worker-46: Building] INFO  o.e.m.c.i.embedder.EclipseLogger - skip non existing resourceDirectory C:\Users\laith\Desktop\SpringPlatForm\GettingFamiliar\GettingFamiliar\src\test\resources
2021-06-15 14:15:03,433 [Worker-50: Building] INFO  o.e.m.c.i.embedder.EclipseLogger - Using 'UTF-8' encoding to copy filtered resources.
2021-06-15 14:15:03,445 [Worker-50: Building] INFO  o.e.m.c.i.embedder.EclipseLogger - Using 'UTF-8' encoding to copy filtered properties files.
2021-06-15 14:15:03,448 [Worker-50: Building] INFO  o.e.m.c.i.embedder.EclipseLogger - Copying 1 resource
2021-06-15 14:15:03,468 [Worker-50: Building] INFO  o.e.m.c.i.embedder.EclipseLogger - Copying 0 resource
2021-06-15 14:15:03,475 [Worker-50: Building] INFO  o.e.m.c.i.embedder.EclipseLogger - Using 'UTF-8' encoding to copy filtered resources.
2021-06-15 14:15:03,475 [Worker-50: Building] INFO  o.e.m.c.i.embedder.EclipseLogger - Using 'UTF-8' encoding to copy filtered properties files.
2021-06-15 14:15:03,475 [Worker-50: Building] INFO  o.e.m.c.i.embedder.EclipseLogger - skip non existing resourceDirectory C:\Users\laith\Desktop\SpringPlatForm\GettingFamiliar\GettingFamiliar\src\test\resources
2021-06-15 14:16:28,498 [Worker-46: Building] INFO  o.e.m.c.i.embedder.EclipseLogger - Using 'UTF-8' encoding to copy filtered resources.
2021-06-15 14:16:28,504 [Worker-46: Building] INFO  o.e.m.c.i.embedder.EclipseLogger - Using 'UTF-8' encoding to copy filtered properties files.
2021-06-15 14:16:28,509 [Worker-46: Building] INFO  o.e.m.c.i.embedder.EclipseLogger - Copying 1 resource
2021-06-15 14:16:28,525 [Worker-46: Building] INFO  o.e.m.c.i.embedder.EclipseLogger - Copying 0 resource
2021-06-15 14:16:28,527 [Worker-46: Building] INFO  o.e.m.c.i.embedder.EclipseLogger - Using 'UTF-8' encoding to copy filtered resources.
2021-06-15 14:16:28,527 [Worker-46: Building] INFO  o.e.m.c.i.embedder.EclipseLogger - Using 'UTF-8' encoding to copy filtered properties files.
2021-06-15 14:16:28,532 [Worker-46: Building] INFO  o.e.m.c.i.embedder.EclipseLogger - skip non existing resourceDirectory C:\Users\laith\Desktop\SpringPlatForm\GettingFamiliar\GettingFamiliar\src\test\resources
2021-06-15 14:17:02,060 [Worker-50: Building] INFO  o.e.m.c.i.embedder.EclipseLogger - Using 'UTF-8' encoding to copy filtered resources.
2021-06-15 14:17:02,066 [Worker-50: Building] INFO  o.e.m.c.i.embedder.EclipseLogger - Using 'UTF-8' encoding to copy filtered properties files.
2021-06-15 14:17:02,066 [Worker-50: Building] INFO  o.e.m.c.i.embedder.EclipseLogger - Copying 1 resource
2021-06-15 14:17:02,085 [Worker-50: Building] INFO  o.e.m.c.i.embedder.EclipseLogger - Copying 0 resource
2021-06-15 14:17:02,087 [Worker-50: Building] INFO  o.e.m.c.i.embedder.EclipseLogger - Using 'UTF-8' encoding to copy filtered resources.
2021-06-15 14:17:02,088 [Worker-50: Building] INFO  o.e.m.c.i.embedder.EclipseLogger - Using 'UTF-8' encoding to copy filtered properties files.
2021-06-15 14:17:02,088 [Worker-50: Building] INFO  o.e.m.c.i.embedder.EclipseLogger - skip non existing resourceDirectory C:\Users\laith\Desktop\SpringPlatForm\GettingFamiliar\GettingFamiliar\src\test\resources
2021-06-15 14:19:19,865 [Worker-46: Building] INFO  o.e.m.c.i.embedder.EclipseLogger - Using 'UTF-8' encoding to copy filtered resources.
2021-06-15 14:19:19,874 [Worker-46: Building] INFO  o.e.m.c.i.embedder.EclipseLogger - Using 'UTF-8' encoding to copy filtered properties files.
2021-06-15 14:19:19,879 [Worker-46: Building] INFO  o.e.m.c.i.embedder.EclipseLogger - Copying 1 resource
2021-06-15 14:19:19,895 [Worker-46: Building] INFO  o.e.m.c.i.embedder.EclipseLogger - Copying 0 resource
2021-06-15 14:19:19,903 [Worker-46: Building] INFO  o.e.m.c.i.embedder.EclipseLogger - Using 'UTF-8' encoding to copy filtered resources.
2021-06-15 14:19:19,903 [Worker-46: Building] INFO  o.e.m.c.i.embedder.EclipseLogger - Using 'UTF-8' encoding to copy filtered properties files.
2021-06-15 14:19:19,903 [Worker-46: Building] INFO  o.e.m.c.i.embedder.EclipseLogger - skip non existing resourceDirectory C:\Users\laith\Desktop\SpringPlatForm\GettingFamiliar\GettingFamiliar\src\test\resources
2021-06-15 14:20:44,724 [Worker-46: Building] INFO  o.e.m.c.i.embedder.EclipseLogger - Using 'UTF-8' encoding to copy filtered resources.
2021-06-15 14:20:44,732 [Worker-46: Building] INFO  o.e.m.c.i.embedder.EclipseLogger - Using 'UTF-8' encoding to copy filtered properties files.
2021-06-15 14:20:44,732 [Worker-46: Building] INFO  o.e.m.c.i.embedder.EclipseLogger - Copying 1 resource
2021-06-15 14:20:44,755 [Worker-46: Building] INFO  o.e.m.c.i.embedder.EclipseLogger - Copying 0 resource
2021-06-15 14:20:44,756 [Worker-46: Building] INFO  o.e.m.c.i.embedder.EclipseLogger - Using 'UTF-8' encoding to copy filtered resources.
2021-06-15 14:20:44,763 [Worker-46: Building] INFO  o.e.m.c.i.embedder.EclipseLogger - Using 'UTF-8' encoding to copy filtered properties files.
2021-06-15 14:20:44,763 [Worker-46: Building] INFO  o.e.m.c.i.embedder.EclipseLogger - skip non existing resourceDirectory C:\Users\laith\Desktop\SpringPlatForm\GettingFamiliar\GettingFamiliar\src\test\resources
2021-06-15 14:23:56,733 [Worker-46: Building] INFO  o.e.m.c.i.embedder.EclipseLogger - Using 'UTF-8' encoding to copy filtered resources.
2021-06-15 14:23:56,739 [Worker-46: Building] INFO  o.e.m.c.i.embedder.EclipseLogger - Using 'UTF-8' encoding to copy filtered properties files.
2021-06-15 14:23:56,744 [Worker-46: Building] INFO  o.e.m.c.i.embedder.EclipseLogger - Copying 1 resource
2021-06-15 14:23:56,760 [Worker-46: Building] INFO  o.e.m.c.i.embedder.EclipseLogger - Copying 0 resource
2021-06-15 14:23:56,762 [Worker-46: Building] INFO  o.e.m.c.i.embedder.EclipseLogger - Using 'UTF-8' encoding to copy filtered resources.
2021-06-15 14:23:56,762 [Worker-46: Building] INFO  o.e.m.c.i.embedder.EclipseLogger - Using 'UTF-8' encoding to copy filtered properties files.
2021-06-15 14:23:56,768 [Worker-46: Building] INFO  o.e.m.c.i.embedder.EclipseLogger - skip non existing resourceDirectory C:\Users\laith\Desktop\SpringPlatForm\GettingFamiliar\GettingFamiliar\src\test\resources
2021-06-15 14:24:47,404 [Worker-46: Building] INFO  o.e.m.c.i.embedder.EclipseLogger - Using 'UTF-8' encoding to copy filtered resources.
2021-06-15 14:24:47,413 [Worker-46: Building] INFO  o.e.m.c.i.embedder.EclipseLogger - Using 'UTF-8' encoding to copy filtered properties files.
2021-06-15 14:24:47,414 [Worker-46: Building] INFO  o.e.m.c.i.embedder.EclipseLogger - Copying 1 resource
2021-06-15 14:24:47,435 [Worker-46: Building] INFO  o.e.m.c.i.embedder.EclipseLogger - Copying 0 resource
2021-06-15 14:24:47,437 [Worker-46: Building] INFO  o.e.m.c.i.embedder.EclipseLogger - Using 'UTF-8' encoding to copy filtered resources.
2021-06-15 14:24:47,437 [Worker-46: Building] INFO  o.e.m.c.i.embedder.EclipseLogger - Using 'UTF-8' encoding to copy filtered properties files.
2021-06-15 14:24:47,437 [Worker-46: Building] INFO  o.e.m.c.i.embedder.EclipseLogger - skip non existing resourceDirectory C:\Users\laith\Desktop\SpringPlatForm\GettingFamiliar\GettingFamiliar\src\test\resources
2021-06-15 14:28:40,987 [Worker-50: Building] INFO  o.e.m.c.i.embedder.EclipseLogger - Using 'UTF-8' encoding to copy filtered resources.
2021-06-15 14:28:40,994 [Worker-50: Building] INFO  o.e.m.c.i.embedder.EclipseLogger - Using 'UTF-8' encoding to copy filtered properties files.
2021-06-15 14:28:41,000 [Worker-50: Building] INFO  o.e.m.c.i.embedder.EclipseLogger - Copying 1 resource
2021-06-15 14:28:41,015 [Worker-50: Building] INFO  o.e.m.c.i.embedder.EclipseLogger - Copying 0 resource
2021-06-15 14:28:41,022 [Worker-50: Building] INFO  o.e.m.c.i.embedder.EclipseLogger - Using 'UTF-8' encoding to copy filtered resources.
2021-06-15 14:28:41,022 [Worker-50: Building] INFO  o.e.m.c.i.embedder.EclipseLogger - Using 'UTF-8' encoding to copy filtered properties files.
2021-06-15 14:28:41,022 [Worker-50: Building] INFO  o.e.m.c.i.embedder.EclipseLogger - skip non existing resourceDirectory C:\Users\laith\Desktop\SpringPlatForm\GettingFamiliar\GettingFamiliar\src\test\resources
2021-06-15 14:31:10,450 [Worker-57: Building] INFO  o.e.m.c.i.embedder.EclipseLogger - Using 'UTF-8' encoding to copy filtered resources.
2021-06-15 14:31:10,456 [Worker-57: Building] INFO  o.e.m.c.i.embedder.EclipseLogger - Using 'UTF-8' encoding to copy filtered properties files.
2021-06-15 14:31:10,456 [Worker-57: Building] INFO  o.e.m.c.i.embedder.EclipseLogger - Copying 1 resource
2021-06-15 14:31:10,472 [Worker-57: Building] INFO  o.e.m.c.i.embedder.EclipseLogger - Copying 0 resource
2021-06-15 14:31:10,474 [Worker-57: Building] INFO  o.e.m.c.i.embedder.EclipseLogger - Using 'UTF-8' encoding to copy filtered resources.
2021-06-15 14:31:10,474 [Worker-57: Building] INFO  o.e.m.c.i.embedder.EclipseLogger - Using 'UTF-8' encoding to copy filtered properties files.
2021-06-15 14:31:10,474 [Worker-57: Building] INFO  o.e.m.c.i.embedder.EclipseLogger - skip non existing resourceDirectory C:\Users\laith\Desktop\SpringPlatForm\GettingFamiliar\GettingFamiliar\src\test\resources
2021-06-15 14:31:32,664 [Worker-56: Building] INFO  o.e.m.c.i.embedder.EclipseLogger - Using 'UTF-8' encoding to copy filtered resources.
2021-06-15 14:31:32,669 [Worker-56: Building] INFO  o.e.m.c.i.embedder.EclipseLogger - Using 'UTF-8' encoding to copy filtered properties files.
2021-06-15 14:31:32,674 [Worker-56: Building] INFO  o.e.m.c.i.embedder.EclipseLogger - Copying 1 resource
2021-06-15 14:31:32,688 [Worker-56: Building] INFO  o.e.m.c.i.embedder.EclipseLogger - Copying 0 resource
2021-06-15 14:31:32,690 [Worker-56: Building] INFO  o.e.m.c.i.embedder.EclipseLogger - Using 'UTF-8' encoding to copy filtered resources.
2021-06-15 14:31:32,690 [Worker-56: Building] INFO  o.e.m.c.i.embedder.EclipseLogger - Using 'UTF-8' encoding to copy filtered properties files.
2021-06-15 14:31:32,697 [Worker-56: Building] INFO  o.e.m.c.i.embedder.EclipseLogger - skip non existing resourceDirectory C:\Users\laith\Desktop\SpringPlatForm\GettingFamiliar\GettingFamiliar\src\test\resources
2021-06-15 14:31:52,273 [Worker-56: Building] INFO  o.e.m.c.i.embedder.EclipseLogger - Using 'UTF-8' encoding to copy filtered resources.
2021-06-15 14:31:52,287 [Worker-56: Building] INFO  o.e.m.c.i.embedder.EclipseLogger - Using 'UTF-8' encoding to copy filtered properties files.
2021-06-15 14:31:52,288 [Worker-56: Building] INFO  o.e.m.c.i.embedder.EclipseLogger - Copying 1 resource
2021-06-15 14:31:52,334 [Worker-56: Building] INFO  o.e.m.c.i.embedder.EclipseLogger - Copying 0 resource
2021-06-15 14:31:52,337 [Worker-56: Building] INFO  o.e.m.c.i.embedder.EclipseLogger - Using 'UTF-8' encoding to copy filtered resources.
2021-06-15 14:31:52,337 [Worker-56: Building] INFO  o.e.m.c.i.embedder.EclipseLogger - Using 'UTF-8' encoding to copy filtered properties files.
2021-06-15 14:31:52,337 [Worker-56: Building] INFO  o.e.m.c.i.embedder.EclipseLogger - skip non existing resourceDirectory C:\Users\laith\Desktop\SpringPlatForm\GettingFamiliar\GettingFamiliar\src\test\resources
2021-06-15 14:32:15,978 [Worker-46: Launching GettingFamiliar - GettingFamiliarApplication] INFO  o.e.m.c.i.embedder.EclipseLogger - Using 'UTF-8' encoding to copy filtered resources.
2021-06-15 14:32:15,993 [Worker-46: Launching GettingFamiliar - GettingFamiliarApplication] INFO  o.e.m.c.i.embedder.EclipseLogger - Using 'UTF-8' encoding to copy filtered properties files.
2021-06-15 14:32:16,003 [Worker-46: Launching GettingFamiliar - GettingFamiliarApplication] INFO  o.e.m.c.i.embedder.EclipseLogger - Copying 1 resource
2021-06-15 14:32:16,016 [Worker-46: Launching GettingFamiliar - GettingFamiliarApplication] INFO  o.e.m.c.i.embedder.EclipseLogger - Copying 0 resource
2021-06-15 14:32:16,024 [Worker-46: Launching GettingFamiliar - GettingFamiliarApplication] INFO  o.e.m.c.i.embedder.EclipseLogger - Using 'UTF-8' encoding to copy filtered resources.
2021-06-15 14:32:16,024 [Worker-46: Launching GettingFamiliar - GettingFamiliarApplication] INFO  o.e.m.c.i.embedder.EclipseLogger - Using 'UTF-8' encoding to copy filtered properties files.
2021-06-15 14:32:16,024 [Worker-46: Launching GettingFamiliar - GettingFamiliarApplication] INFO  o.e.m.c.i.embedder.EclipseLogger - skip non existing resourceDirectory C:\Users\laith\Desktop\SpringPlatForm\GettingFamiliar\GettingFamiliar\src\test\resources
2021-06-15 14:32:36,338 [Worker-57: Building] INFO  o.e.m.c.i.embedder.EclipseLogger - Using 'UTF-8' encoding to copy filtered resources.
2021-06-15 14:32:36,343 [Worker-57: Building] INFO  o.e.m.c.i.embedder.EclipseLogger - Using 'UTF-8' encoding to copy filtered properties files.
2021-06-15 14:32:36,344 [Worker-57: Building] INFO  o.e.m.c.i.embedder.EclipseLogger - Copying 1 resource
2021-06-15 14:32:36,367 [Worker-57: Building] INFO  o.e.m.c.i.embedder.EclipseLogger - Copying 0 resource
2021-06-15 14:32:36,369 [Worker-57: Building] INFO  o.e.m.c.i.embedder.EclipseLogger - Using 'UTF-8' encoding to copy filtered resources.
2021-06-15 14:32:36,376 [Worker-57: Building] INFO  o.e.m.c.i.embedder.EclipseLogger - Using 'UTF-8' encoding to copy filtered properties files.
2021-06-15 14:32:36,376 [Worker-57: Building] INFO  o.e.m.c.i.embedder.EclipseLogger - skip non existing resourceDirectory C:\Users\laith\Desktop\SpringPlatForm\GettingFamiliar\GettingFamiliar\src\test\resources
2021-06-15 14:33:02,464 [Worker-53: Building] INFO  o.e.m.c.i.embedder.EclipseLogger - Using 'UTF-8' encoding to copy filtered resources.
2021-06-15 14:33:02,473 [Worker-53: Building] INFO  o.e.m.c.i.embedder.EclipseLogger - Using 'UTF-8' encoding to copy filtered properties files.
2021-06-15 14:33:02,482 [Worker-53: Building] INFO  o.e.m.c.i.embedder.EclipseLogger - Copying 1 resource
2021-06-15 14:33:02,501 [Worker-53: Building] INFO  o.e.m.c.i.embedder.EclipseLogger - Copying 0 resource
2021-06-15 14:33:02,503 [Worker-53: Building] INFO  o.e.m.c.i.embedder.EclipseLogger - Using 'UTF-8' encoding to copy filtered resources.
2021-06-15 14:33:02,503 [Worker-53: Building] INFO  o.e.m.c.i.embedder.EclipseLogger - Using 'UTF-8' encoding to copy filtered properties files.
2021-06-15 14:33:02,511 [Worker-53: Building] INFO  o.e.m.c.i.embedder.EclipseLogger - skip non existing resourceDirectory C:\Users\laith\Desktop\SpringPlatForm\GettingFamiliar\GettingFamiliar\src\test\resources
2021-06-15 14:35:25,272 [Worker-59: Building] INFO  o.e.m.c.i.embedder.EclipseLogger - Using 'UTF-8' encoding to copy filtered resources.
2021-06-15 14:35:25,282 [Worker-59: Building] INFO  o.e.m.c.i.embedder.EclipseLogger - Using 'UTF-8' encoding to copy filtered properties files.
2021-06-15 14:35:25,283 [Worker-59: Building] INFO  o.e.m.c.i.embedder.EclipseLogger - Copying 1 resource
2021-06-15 14:35:25,311 [Worker-59: Building] INFO  o.e.m.c.i.embedder.EclipseLogger - Copying 0 resource
2021-06-15 14:35:25,314 [Worker-59: Building] INFO  o.e.m.c.i.embedder.EclipseLogger - Using 'UTF-8' encoding to copy filtered resources.
2021-06-15 14:35:25,314 [Worker-59: Building] INFO  o.e.m.c.i.embedder.EclipseLogger - Using 'UTF-8' encoding to copy filtered properties files.
2021-06-15 14:35:25,314 [Worker-59: Building] INFO  o.e.m.c.i.embedder.EclipseLogger - skip non existing resourceDirectory C:\Users\laith\Desktop\SpringPlatForm\GettingFamiliar\GettingFamiliar\src\test\resources
2021-06-15 14:43:23,161 [Worker-55: Building] INFO  o.e.m.c.i.embedder.EclipseLogger - Using 'UTF-8' encoding to copy filtered resources.
2021-06-15 14:43:23,169 [Worker-55: Building] INFO  o.e.m.c.i.embedder.EclipseLogger - Using 'UTF-8' encoding to copy filtered properties files.
2021-06-15 14:43:23,176 [Worker-55: Building] INFO  o.e.m.c.i.embedder.EclipseLogger - Copying 1 resource
2021-06-15 14:43:23,192 [Worker-55: Building] INFO  o.e.m.c.i.embedder.EclipseLogger - Copying 0 resource
2021-06-15 14:43:23,200 [Worker-55: Building] INFO  o.e.m.c.i.embedder.EclipseLogger - Using 'UTF-8' encoding to copy filtered resources.
2021-06-15 14:43:23,200 [Worker-55: Building] INFO  o.e.m.c.i.embedder.EclipseLogger - Using 'UTF-8' encoding to copy filtered properties files.
2021-06-15 14:43:23,200 [Worker-55: Building] INFO  o.e.m.c.i.embedder.EclipseLogger - skip non existing resourceDirectory C:\Users\laith\Desktop\SpringPlatForm\GettingFamiliar\GettingFamiliar\src\test\resources
2021-06-15 14:44:27,890 [Worker-60: Launching GettingFamiliar - GettingFamiliarApplication] INFO  o.e.m.c.i.embedder.EclipseLogger - Using 'UTF-8' encoding to copy filtered resources.
2021-06-15 14:44:27,899 [Worker-60: Launching GettingFamiliar - GettingFamiliarApplication] INFO  o.e.m.c.i.embedder.EclipseLogger - Using 'UTF-8' encoding to copy filtered properties files.
2021-06-15 14:44:27,899 [Worker-60: Launching GettingFamiliar - GettingFamiliarApplication] INFO  o.e.m.c.i.embedder.EclipseLogger - Copying 1 resource
2021-06-15 14:44:27,917 [Worker-60: Launching GettingFamiliar - GettingFamiliarApplication] INFO  o.e.m.c.i.embedder.EclipseLogger - Copying 0 resource
2021-06-15 14:44:27,919 [Worker-60: Launching GettingFamiliar - GettingFamiliarApplication] INFO  o.e.m.c.i.embedder.EclipseLogger - Using 'UTF-8' encoding to copy filtered resources.
2021-06-15 14:44:27,919 [Worker-60: Launching GettingFamiliar - GettingFamiliarApplication] INFO  o.e.m.c.i.embedder.EclipseLogger - Using 'UTF-8' encoding to copy filtered properties files.
2021-06-15 14:44:27,919 [Worker-60: Launching GettingFamiliar - GettingFamiliarApplication] INFO  o.e.m.c.i.embedder.EclipseLogger - skip non existing resourceDirectory C:\Users\laith\Desktop\SpringPlatForm\GettingFamiliar\GettingFamiliar\src\test\resources
2021-06-15 14:45:28,659 [Worker-59: Building] INFO  o.e.m.c.i.embedder.EclipseLogger - Using 'UTF-8' encoding to copy filtered resources.
2021-06-15 14:45:28,664 [Worker-59: Building] INFO  o.e.m.c.i.embedder.EclipseLogger - Using 'UTF-8' encoding to copy filtered properties files.
2021-06-15 14:45:28,670 [Worker-59: Building] INFO  o.e.m.c.i.embedder.EclipseLogger - Copying 1 resource
2021-06-15 14:45:28,681 [Worker-59: Building] INFO  o.e.m.c.i.embedder.EclipseLogger - Copying 0 resource
2021-06-15 14:45:28,682 [Worker-59: Building] INFO  o.e.m.c.i.embedder.EclipseLogger - Using 'UTF-8' encoding to copy filtered resources.
2021-06-15 14:45:28,682 [Worker-59: Building] INFO  o.e.m.c.i.embedder.EclipseLogger - Using 'UTF-8' encoding to copy filtered properties files.
2021-06-15 14:45:28,688 [Worker-59: Building] INFO  o.e.m.c.i.embedder.EclipseLogger - skip non existing resourceDirectory C:\Users\laith\Desktop\SpringPlatForm\GettingFamiliar\GettingFamiliar\src\test\resources
2021-06-15 14:46:09,497 [Worker-55: Launching GettingFamiliar - GettingFamiliarApplication] INFO  o.e.m.c.i.embedder.EclipseLogger - Using 'UTF-8' encoding to copy filtered resources.
2021-06-15 14:46:09,509 [Worker-55: Launching GettingFamiliar - GettingFamiliarApplication] INFO  o.e.m.c.i.embedder.EclipseLogger - Using 'UTF-8' encoding to copy filtered properties files.
2021-06-15 14:46:09,509 [Worker-55: Launching GettingFamiliar - GettingFamiliarApplication] INFO  o.e.m.c.i.embedder.EclipseLogger - Copying 1 resource
2021-06-15 14:46:09,535 [Worker-55: Launching GettingFamiliar - GettingFamiliarApplication] INFO  o.e.m.c.i.embedder.EclipseLogger - Copying 0 resource
2021-06-15 14:46:09,539 [Worker-55: Launching GettingFamiliar - GettingFamiliarApplication] INFO  o.e.m.c.i.embedder.EclipseLogger - Using 'UTF-8' encoding to copy filtered resources.
2021-06-15 14:46:09,540 [Worker-55: Launching GettingFamiliar - GettingFamiliarApplication] INFO  o.e.m.c.i.embedder.EclipseLogger - Using 'UTF-8' encoding to copy filtered properties files.
2021-06-15 14:46:09,540 [Worker-55: Launching GettingFamiliar - GettingFamiliarApplication] INFO  o.e.m.c.i.embedder.EclipseLogger - skip non existing resourceDirectory C:\Users\laith\Desktop\SpringPlatForm\GettingFamiliar\GettingFamiliar\src\test\resources
2021-06-15 14:46:32,989 [Worker-59: Building] INFO  o.e.m.c.i.embedder.EclipseLogger - Using 'UTF-8' encoding to copy filtered resources.
2021-06-15 14:46:32,997 [Worker-59: Building] INFO  o.e.m.c.i.embedder.EclipseLogger - Using 'UTF-8' encoding to copy filtered properties files.
2021-06-15 14:46:33,004 [Worker-59: Building] INFO  o.e.m.c.i.embedder.EclipseLogger - Copying 1 resource
2021-06-15 14:46:33,019 [Worker-59: Building] INFO  o.e.m.c.i.embedder.EclipseLogger - Copying 0 resource
2021-06-15 14:46:33,027 [Worker-59: Building] INFO  o.e.m.c.i.embedder.EclipseLogger - Using 'UTF-8' encoding to copy filtered resources.
2021-06-15 14:46:33,027 [Worker-59: Building] INFO  o.e.m.c.i.embedder.EclipseLogger - Using 'UTF-8' encoding to copy filtered properties files.
2021-06-15 14:46:33,027 [Worker-59: Building] INFO  o.e.m.c.i.embedder.EclipseLogger - skip non existing resourceDirectory C:\Users\laith\Desktop\SpringPlatForm\GettingFamiliar\GettingFamiliar\src\test\resources
2021-06-15 14:53:10,092 [Worker-67: Building] INFO  o.e.m.c.i.embedder.EclipseLogger - Using 'UTF-8' encoding to copy filtered resources.
2021-06-15 14:53:10,102 [Worker-67: Building] INFO  o.e.m.c.i.embedder.EclipseLogger - Using 'UTF-8' encoding to copy filtered properties files.
2021-06-15 14:53:10,103 [Worker-67: Building] INFO  o.e.m.c.i.embedder.EclipseLogger - Copying 1 resource
2021-06-15 14:53:10,140 [Worker-67: Building] INFO  o.e.m.c.i.embedder.EclipseLogger - Copying 0 resource
2021-06-15 14:53:10,142 [Worker-67: Building] INFO  o.e.m.c.i.embedder.EclipseLogger - Using 'UTF-8' encoding to copy filtered resources.
2021-06-15 14:53:10,148 [Worker-67: Building] INFO  o.e.m.c.i.embedder.EclipseLogger - Using 'UTF-8' encoding to copy filtered properties files.
2021-06-15 14:53:10,148 [Worker-67: Building] INFO  o.e.m.c.i.embedder.EclipseLogger - skip non existing resourceDirectory C:\Users\laith\Desktop\SpringPlatForm\GettingFamiliar\GettingFamiliar\src\test\resources
2021-06-15 14:53:18,605 [Worker-67: Building] INFO  o.e.m.c.i.embedder.EclipseLogger - Using 'UTF-8' encoding to copy filtered resources.
2021-06-15 14:53:18,610 [Worker-67: Building] INFO  o.e.m.c.i.embedder.EclipseLogger - Using 'UTF-8' encoding to copy filtered properties files.
2021-06-15 14:53:18,615 [Worker-67: Building] INFO  o.e.m.c.i.embedder.EclipseLogger - Copying 1 resource
2021-06-15 14:53:18,627 [Worker-67: Building] INFO  o.e.m.c.i.embedder.EclipseLogger - Copying 0 resource
2021-06-15 14:53:18,628 [Worker-67: Building] INFO  o.e.m.c.i.embedder.EclipseLogger - Using 'UTF-8' encoding to copy filtered resources.
2021-06-15 14:53:18,628 [Worker-67: Building] INFO  o.e.m.c.i.embedder.EclipseLogger - Using 'UTF-8' encoding to copy filtered properties files.
2021-06-15 14:53:18,633 [Worker-67: Building] INFO  o.e.m.c.i.embedder.EclipseLogger - skip non existing resourceDirectory C:\Users\laith\Desktop\SpringPlatForm\GettingFamiliar\GettingFamiliar\src\test\resources
2021-06-15 14:54:07,171 [Worker-68: Building] INFO  o.e.m.c.i.embedder.EclipseLogger - Using 'UTF-8' encoding to copy filtered resources.
2021-06-15 14:54:07,181 [Worker-68: Building] INFO  o.e.m.c.i.embedder.EclipseLogger - Using 'UTF-8' encoding to copy filtered properties files.
2021-06-15 14:54:07,182 [Worker-68: Building] INFO  o.e.m.c.i.embedder.EclipseLogger - Copying 1 resource
2021-06-15 14:54:07,212 [Worker-68: Building] INFO  o.e.m.c.i.embedder.EclipseLogger - Copying 0 resource
2021-06-15 14:54:07,214 [Worker-68: Building] INFO  o.e.m.c.i.embedder.EclipseLogger - Using 'UTF-8' encoding to copy filtered resources.
2021-06-15 14:54:07,214 [Worker-68: Building] INFO  o.e.m.c.i.embedder.EclipseLogger - Using 'UTF-8' encoding to copy filtered properties files.
2021-06-15 14:54:07,214 [Worker-68: Building] INFO  o.e.m.c.i.embedder.EclipseLogger - skip non existing resourceDirectory C:\Users\laith\Desktop\SpringPlatForm\GettingFamiliar\GettingFamiliar\src\test\resources
2021-06-15 14:54:32,333 [Worker-55: Building] INFO  o.e.m.c.i.embedder.EclipseLogger - Using 'UTF-8' encoding to copy filtered resources.
2021-06-15 14:54:32,339 [Worker-55: Building] INFO  o.e.m.c.i.embedder.EclipseLogger - Using 'UTF-8' encoding to copy filtered properties files.
2021-06-15 14:54:32,345 [Worker-55: Building] INFO  o.e.m.c.i.embedder.EclipseLogger - Copying 1 resource
2021-06-15 14:54:32,357 [Worker-55: Building] INFO  o.e.m.c.i.embedder.EclipseLogger - Copying 0 resource
2021-06-15 14:54:32,365 [Worker-55: Building] INFO  o.e.m.c.i.embedder.EclipseLogger - Using 'UTF-8' encoding to copy filtered resources.
2021-06-15 14:54:32,365 [Worker-55: Building] INFO  o.e.m.c.i.embedder.EclipseLogger - Using 'UTF-8' encoding to copy filtered properties files.
2021-06-15 14:54:32,365 [Worker-55: Building] INFO  o.e.m.c.i.embedder.EclipseLogger - skip non existing resourceDirectory C:\Users\laith\Desktop\SpringPlatForm\GettingFamiliar\GettingFamiliar\src\test\resources
